
<configuration>

    <!--
     the commandline to execute for the blast command, eg:
     "-m 8 -p tblastn -b 1000000 -a 10"  this is the default
    -->
    <!--
    <property>
        <name>blast.commandline</name>
        <value></value>
    </property>
    -->

    <!--
     the full pathname of the blast executable
     default is: "/home/asczyrba/src/blast-2.2.20/bin/blastall"
    -->

    <property>
        <name>mapred.child.java.opts</name>
        <value>-Xmx1G</value>
    </property>

    <property>
        <name>blast.commandpath</name>
        <value>blastall</value>
    </property>

    <property>
        <name>formatdb.commandpath</name>
        <value>formatdb</value>
    </property>


    <property>
        <name>blat.commandpath</name>
        <value>blat</value>
    </property>


    <property>
        <name>assembler.command</name>
        <value>cap3</value>
    </property>

    <property>
         <name>cap3.commandpath</name>
        <value>/jgi/tools/assemblers/CAP3/cap3</value>
    </property>

    <property>
         <name>velvetg.commandpath</name>
        <value>velvetg</value>
    </property>

    <property>
         <name>velveth.commandpath</name>
        <value>velveth</value>
    </property>


    <!--
    <property>
        <name>formatdb.commandline</name>
        <value></value>
    </property>
    -->

    <!--
    path to a temporary directory in which to do all the work
    default is "/tmp/blast"
    -->
    <!--
    <property>
        <name>blast.tmpdir</name>
        <value></value>
    </property>
    -->

    <!--
    boolean value, if false, will not delete scratch directory, useful
    for debugging.  defaults to true
    -->
    <!--
    <property>
        <name>blast.cleanup</name>
        <value>true</value>
    </property>
    -->

    <!--
    boolean, if true, specifies that the read file has paired data.  if paired, then it will automatically
    include the opposite pair in the read set before executing blat.
    WARNING: not yet implemented
    -->
    <!--
    <property>
        <name>blast.readsarepaired</name>
        <value>true</value>
    </property>
    -->


</configuration>