
<!--
  ~ Copyright (c) 2010, The Regents of the University of California, through Lawrence Berkeley
  ~ National Laboratory (subject to receipt of any required approvals from the U.S. Dept. of Energy).
  ~ All rights reserved.
  ~
  ~ Redistribution and use in source and binary forms, with or without modification, are permitted provided
  ~ that the following conditions are met:
  ~
  ~ (1) Redistributions of source code must retain the above copyright notice, this list of conditions and the
  ~ following disclaimer.
  ~
  ~ (2) Redistributions in binary form must reproduce the above copyright notice, this list of conditions
  ~ and the following disclaimer in the documentation and/or other materials provided with the distribution.
  ~
  ~ (3) Neither the name of the University of California, Lawrence Berkeley National Laboratory, U.S. Dept.
  ~ of Energy, nor the names of its contributors may be used to endorse or promote products derived from
  ~ this software without specific prior written permission.
  ~
  ~ THIS SOFTWARE IS PROVIDED BY THE COPYRIGHT HOLDERS AND CONTRIBUTORS
  ~ "AS IS" AND ANY EXPRESS OR IMPLIED WARRANTIES, INCLUDING, BUT NOT LIMITED
  ~ TO, THE IMPLIED WARRANTIES OF MERCHANTABILITY AND FITNESS FOR A
  ~ PARTICULAR PURPOSE ARE DISCLAIMED. IN NO EVENT SHALL THE COPYRIGHT
  ~ OWNER OR CONTRIBUTORS BE LIABLE FOR ANY DIRECT, INDIRECT, INCIDENTAL,
  ~ SPECIAL, EXEMPLARY, OR CONSEQUENTIAL DAMAGES (INCLUDING, BUT NOT LIMITED
  ~ TO, PROCUREMENT OF SUBSTITUTE GOODS OR SERVICES; LOSS OF USE, DATA, OR
  ~ PROFITS; OR BUSINESS INTERRUPTION) HOWEVER CAUSED AND ON ANY THEORY OF
  ~ LIABILITY, WHETHER IN CONTRACT, STRICT LIABILITY, OR TORT (INCLUDING
  ~ NEGLIGENCE OR OTHERWISE) ARISING IN ANY WAY OUT OF THE USE OF THIS
  ~ SOFTWARE, EVEN IF ADVISED OF THE POSSIBILITY OF SUCH DAMAGE.
  ~
  ~ You are under no obligation whatsoever to provide any bug fixes, patches, or upgrades to the
  ~ features, functionality or performance of the source code ("Enhancements") to anyone; however,
  ~ if you choose to make your Enhancements available either publicly, or directly to Lawrence Berkeley
  ~ National Laboratory, without imposing a separate written license agreement for such Enhancements,
  ~ then you hereby grant the following license: a  non-exclusive, royalty-free perpetual license to install,
  ~ use, modify, prepare derivative works, incorporate into other computer software, distribute, and
  ~ sublicense such enhancements or derivative works thereof, in binary and source code form.
  -->

<configuration>

    <!--
     the commandline to execute for the blast command, eg:
     "-m 8 -p tblastn -b 1000000 -a 10"  this is the default
    -->
    <!--
    <property>
        <name>blast.commandline</name>
        <value></value>
    </property>
    -->

    <!--
     the full pathname of the blast executable
     default is: "/home/asczyrba/src/blast-2.2.20/bin/blastall"
    -->

    <property>
        <name>blast.commandpath</name>
        <value>blastall</value>
    </property>

    <property>
        <name>formatdb.commandpath</name>
        <value>formatdb</value>
    </property>


    <property>
        <name>blat.commandpath</name>
        <value>blat</value>
    </property>


    <property>
        <name>assembler.command</name>
        <value>cap3</value>
    </property>

    
    <!--
    <property>
        <name>formatdb.commandline</name>
        <value></value>
    </property>
    -->

    <!--
    path to a temporary directory in which to do all the work
    default is "/tmp/blast"
    -->
    <!--
    <property>
        <name>blast.tmpdir</name>
        <value></value>
    </property>
    -->

    <!--
    boolean value, if false, will not delete scratch directory, useful
    for debugging.  defaults to true
    -->
    <!--
    <property>
        <name>blast.cleanup</name>
        <value>true</value>
    </property>
    -->

    <!--
    boolean, if true, specifies that the read file has paired data.  if paired, then it will automatically
    include the opposite pair in the read set before executing blat.
    WARNING: not yet implemented
    -->
    <!--
    <property>
        <name>blast.readsarepaired</name>
        <value>true</value>
    </property>
    -->


</configuration>